<?xml version="1.0" encoding="UTF-8"?>
<!-- Generated by org.testng.reporters.JUnitReportReporter -->
<testsuite skipped="0" hostname="Knight" name="qaclickacademy.APITest" tests="2" failures="0" timestamp="23 Aug 2019 20:25:30 GMT" time="0.068" errors="0">
  <testcase name="IOSapp" time="0.061" classname="qaclickacademy.APITest"/>
  <testcase name="Nativeapp" time="0.007" classname="qaclickacademy.APITest"/>
</testsuite> <!-- qaclickacademy.APITest -->
