<?xml version="1.0" encoding="UTF-8"?>
<!-- Generated by org.testng.reporters.JUnitReportReporter -->
<testsuite skipped="0" hostname="Knight" name="qaclickacademy.SeleniumTest" tests="2" failures="0" timestamp="2019-08-23T14:29:52 PDT" time="0.003" errors="0">
  <testcase name="test2" time="0.002" classname="qaclickacademy.SeleniumTest"/>
  <testcase name="test1" time="0.001" classname="qaclickacademy.SeleniumTest"/>
</testsuite> <!-- qaclickacademy.SeleniumTest -->
