<?xml version="1.0" encoding="UTF-8"?>
<!-- Generated by org.testng.reporters.JUnitReportReporter -->
<testsuite skipped="0" hostname="Knight" name="qaclickacademy.RestAPITest" tests="2" failures="0" timestamp="2019-08-23T14:29:07 PDT" time="0.000" errors="0">
  <testcase name="twitterdelete" time="0.000" classname="qaclickacademy.RestAPITest"/>
  <testcase name="postJira" time="0.000" classname="qaclickacademy.RestAPITest"/>
</testsuite> <!-- qaclickacademy.RestAPITest -->
