<?xml version="1.0" encoding="UTF-8"?>
<!-- Generated by org.testng.reporters.JUnitReportReporter -->
<testsuite skipped="0" hostname="Knight" name="qaclickacademy.APITest" tests="2" failures="0" timestamp="2019-08-23T14:29:52 PDT" time="0.084" errors="0">
  <testcase name="IOSapp" time="0.083" classname="qaclickacademy.APITest"/>
  <testcase name="Nativeapp" time="0.001" classname="qaclickacademy.APITest"/>
</testsuite> <!-- qaclickacademy.APITest -->
